2022-02-17 11:55:52 [scrapy.utils.log] INFO: Scrapy 2.5.1 started (bot: wildberries)
2022-02-17 11:55:52 [scrapy.utils.log] INFO: Versions: lxml 4.7.1.0, libxml2 2.9.12, cssselect 1.1.0, parsel 1.6.0, w3lib 1.22.0, Twisted 22.1.0, Python 3.10.2 (tags/v3.10.2:a58ebcc, Jan 17 2022, 14:12:15) [MSC v.1929 64 bit (AMD64)], pyOpenSSL 22.0.0 (OpenSSL 1.1.1m  14 Dec 2021), cryptography 36.0.1, Platform Windows-10-10.0.22000-SP0
2022-02-17 11:55:52 [scrapy.utils.log] DEBUG: Using reactor: twisted.internet.selectreactor.SelectReactor
2022-02-17 11:55:52 [scrapy.crawler] INFO: Overridden settings:
{'BOT_NAME': 'wildberries',
 'LOG_FILE': 'log.log',
 'NEWSPIDER_MODULE': 'wildberries.spiders',
 'SPIDER_MODULES': ['wildberries.spiders']}
2022-02-17 11:55:52 [scrapy.extensions.telnet] INFO: Telnet Password: 1df8eddb812bf1ca
2022-02-17 11:55:52 [scrapy.middleware] INFO: Enabled extensions:
['scrapy.extensions.corestats.CoreStats',
 'scrapy.extensions.telnet.TelnetConsole',
 'scrapy.extensions.feedexport.FeedExporter',
 'scrapy.extensions.logstats.LogStats']
2022-02-17 11:55:52 [scrapy.middleware] INFO: Enabled downloader middlewares:
['scrapy.downloadermiddlewares.httpauth.HttpAuthMiddleware',
 'scrapy.downloadermiddlewares.downloadtimeout.DownloadTimeoutMiddleware',
 'scrapy.downloadermiddlewares.defaultheaders.DefaultHeadersMiddleware',
 'scrapy.downloadermiddlewares.useragent.UserAgentMiddleware',
 'scrapy.downloadermiddlewares.retry.RetryMiddleware',
 'scrapy.downloadermiddlewares.redirect.MetaRefreshMiddleware',
 'scrapy.downloadermiddlewares.httpcompression.HttpCompressionMiddleware',
 'scrapy.downloadermiddlewares.redirect.RedirectMiddleware',
 'scrapy.downloadermiddlewares.cookies.CookiesMiddleware',
 'scrapy.downloadermiddlewares.httpproxy.HttpProxyMiddleware',
 'scrapy.downloadermiddlewares.stats.DownloaderStats']
2022-02-17 11:55:52 [scrapy.middleware] INFO: Enabled spider middlewares:
['scrapy.spidermiddlewares.httperror.HttpErrorMiddleware',
 'scrapy.spidermiddlewares.offsite.OffsiteMiddleware',
 'scrapy.spidermiddlewares.referer.RefererMiddleware',
 'scrapy.spidermiddlewares.urllength.UrlLengthMiddleware',
 'scrapy.spidermiddlewares.depth.DepthMiddleware']
2022-02-17 11:55:52 [scrapy.middleware] INFO: Enabled item pipelines:
[]
2022-02-17 11:55:52 [scrapy.core.engine] INFO: Spider opened
2022-02-17 11:55:52 [scrapy.extensions.logstats] INFO: Crawled 0 pages (at 0 pages/min), scraped 0 items (at 0 items/min)
2022-02-17 11:55:52 [scrapy.extensions.telnet] INFO: Telnet console listening on 127.0.0.1:6023
2022-02-17 11:55:53 [scrapy.core.engine] DEBUG: Crawled (200) <GET https://www.wildberries.ru/catalog/13724854/detail.aspx> (referer: None)
2022-02-17 11:55:53 [scrapy.core.engine] DEBUG: Crawled (200) <GET https://www.wildberries.ru/catalog/8888430/detail.aspx> (referer: None)
2022-02-17 11:55:53 [scrapy.core.engine] DEBUG: Crawled (200) <GET https://wbxcatalog-ru.wildberries.ru/nm-2-card/catalog?spp=0&regions=83,75,64,4,38,30,33,70,71,22,31,66,68,82,48,40,1,69,80&stores=117673,122258,122259,125238,125239,125240,507,3158,117501,120602,120762,6158,121709,124731,130744,159402,2737,117986,1733,686,132043&pricemarginCoeff=1.0&reg=0&appType=1&offlineBonus=0&onlineBonus=0&emp=0&locale=ru&lang=ru&curr=rub&couponsGeo=12,3,18,15,21&dest=-1029256,-102269,-2162196,-1257786&nm=13724854> (referer: https://www.wildberries.ru/catalog/13724854/detail.aspx)
2022-02-17 11:55:53 [scrapy.core.engine] DEBUG: Crawled (200) <GET https://wbxcatalog-ru.wildberries.ru/nm-2-card/catalog?spp=0&regions=83,75,64,4,38,30,33,70,71,22,31,66,68,82,48,40,1,69,80&stores=117673,122258,122259,125238,125239,125240,507,3158,117501,120602,120762,6158,121709,124731,130744,159402,2737,117986,1733,686,132043&pricemarginCoeff=1.0&reg=0&appType=1&offlineBonus=0&onlineBonus=0&emp=0&locale=ru&lang=ru&curr=rub&couponsGeo=12,3,18,15,21&dest=-1029256,-102269,-2162196,-1257786&nm=8888430> (referer: https://www.wildberries.ru/catalog/8888430/detail.aspx)
2022-02-17 11:55:53 [scrapy.core.engine] DEBUG: Crawled (200) <GET https://wbx-content-v2.wbstatic.net/sellers/8888430.json> (referer: https://wbxcatalog-ru.wildberries.ru/nm-2-card/catalog?spp=0&regions=83,75,64,4,38,30,33,70,71,22,31,66,68,82,48,40,1,69,80&stores=117673,122258,122259,125238,125239,125240,507,3158,117501,120602,120762,6158,121709,124731,130744,159402,2737,117986,1733,686,132043&pricemarginCoeff=1.0&reg=0&appType=1&offlineBonus=0&onlineBonus=0&emp=0&locale=ru&lang=ru&curr=rub&couponsGeo=12,3,18,15,21&dest=-1029256,-102269,-2162196,-1257786&nm=8888430)
2022-02-17 11:55:53 [scrapy.core.engine] DEBUG: Crawled (200) <GET https://wbx-content-v2.wbstatic.net/sellers/13724854.json> (referer: https://wbxcatalog-ru.wildberries.ru/nm-2-card/catalog?spp=0&regions=83,75,64,4,38,30,33,70,71,22,31,66,68,82,48,40,1,69,80&stores=117673,122258,122259,125238,125239,125240,507,3158,117501,120602,120762,6158,121709,124731,130744,159402,2737,117986,1733,686,132043&pricemarginCoeff=1.0&reg=0&appType=1&offlineBonus=0&onlineBonus=0&emp=0&locale=ru&lang=ru&curr=rub&couponsGeo=12,3,18,15,21&dest=-1029256,-102269,-2162196,-1257786&nm=13724854)
2022-02-17 11:55:53 [scrapy.core.engine] DEBUG: Crawled (200) <GET https://wbx-content-v2.wbstatic.net/price-history/8888430.json> (referer: https://wbx-content-v2.wbstatic.net/sellers/8888430.json)
2022-02-17 11:55:53 [scrapy.core.engine] DEBUG: Crawled (200) <GET https://wbx-content-v2.wbstatic.net/price-history/13724854.json> (referer: https://wbx-content-v2.wbstatic.net/sellers/13724854.json)
2022-02-17 11:55:53 [scrapy.core.scraper] DEBUG: Scraped from <200 https://wbx-content-v2.wbstatic.net/price-history/8888430.json>
{'brand': 'Honor',
 'colors': [],
 'comments': '1\xa0504 отзыва    ',
 'description': 'Умный браслет Honor Band 5 это стильный спортивный браслет с '
                'уровнем водонепроницаемости 50 м, с цветным сенсорным экраном '
                'и многофункциональной кнопкой. Устройство поддерживает '
                'функции мониторинга пульса, физических нагрузок и сна, '
                'уведомления о поступлении входящих вызовов и сообщений. Умный '
                'браслет лучшее устройство для использования вместе с '
                'телефоном, которое помогает следить за физической формой и '
                'здоровьем.',
 'diffPrice': False,
 'id': 8888430,
 'name': 'Фитнес-браслет Band 5',
 'pics': 4,
 'priceU': 219000,
 'qty': 1112,
 'questions': '0',
 'rating': '5',
 'salePriceU': 188300,
 'sizes': ['0'],
 'supplierId': 32477,
 'supplierName': 'ООО ВАЙЛДБЕРРИЗ'}
2022-02-17 11:55:53 [scrapy.core.scraper] DEBUG: Scraped from <200 https://wbx-content-v2.wbstatic.net/price-history/13724854.json>
{'brand': 'Raven.',
 'colors': [{'id': 8421504, 'name': 'серый'}],
 'comments': '5\xa0203 отзыва    ',
 'description': 'Оверсайз худи марки RAVENСLO. Толстовка свободного силуэта, с '
                'увеличенной проймой, шириной рукавов и спущенной плечевой '
                'линией. Худи выполено из качественного трикотажного полотна '
                '"футер" с начесом. Оснащена накладным карманом и эластичными '
                'поясом и манжетами. Данная модель может стать отличной базой '
                'для оверсайз стиля.',
 'diffPrice': False,
 'id': 13724854,
 'inn': '7725337950',
 'legalAddress': '109263, ГОРОД МОСКВА, УЛ. АРТЮХИНОЙ, Д. 21А, ПОМЕЩ. 1 КОМ 5',
 'name': 'Худи',
 'pics': 6,
 'priceU': 324500,
 'qty': 473,
 'questions': '0',
 'rating': '5',
 'salePriceU': 210900,
 'sizes': ['L', 'M', 'S', 'XS', 'XL'],
 'supplierId': 44090,
 'supplierName': 'ООО "ХРБ"'}
2022-02-17 11:55:53 [scrapy.core.engine] INFO: Closing spider (finished)
2022-02-17 11:55:53 [scrapy.extensions.feedexport] INFO: Stored jl feed (2 items) in: res.jl
2022-02-17 11:55:53 [scrapy.statscollectors] INFO: Dumping Scrapy stats:
{'downloader/request_bytes': 4523,
 'downloader/request_count': 8,
 'downloader/request_method_count/GET': 8,
 'downloader/response_bytes': 111986,
 'downloader/response_count': 8,
 'downloader/response_status_count/200': 8,
 'elapsed_time_seconds': 0.758583,
 'feedexport/success_count/FileFeedStorage': 1,
 'finish_reason': 'finished',
 'finish_time': datetime.datetime(2022, 2, 17, 8, 55, 53, 718839),
 'httpcompression/response_bytes': 660162,
 'httpcompression/response_count': 4,
 'item_scraped_count': 2,
 'log_count/DEBUG': 10,
 'log_count/INFO': 11,
 'request_depth_max': 3,
 'response_received_count': 8,
 'scheduler/dequeued': 8,
 'scheduler/dequeued/memory': 8,
 'scheduler/enqueued': 8,
 'scheduler/enqueued/memory': 8,
 'start_time': datetime.datetime(2022, 2, 17, 8, 55, 52, 960256)}
2022-02-17 11:55:53 [scrapy.core.engine] INFO: Spider closed (finished)
